# JRE version: OpenJDK Runtime Environment (8.0_112-b06) (build 1.8.0_112-release-b06)
# Java VM: OpenJDK 64-Bit Server VM (25.112-b06 mixed mode linux-amd64 compressed oops)
Heap:
 PSYoungGen      total 411136K, used 0K [0x00000000e0000000, 0x0000000100000000, 0x0000000100000000)
  eden space 312320K, 0% used [0x00000000e0000000,0x00000000e0000000,0x00000000f3100000)
  from space 98816K, 0% used [0x00000000f9f80000,0x00000000f9f80000,0x0000000100000000)
  to   space 105984K, 0% used [0x00000000f3100000,0x00000000f3100000,0x00000000f9880000)
 ParOldGen       total 499712K, used 369703K [0x00000000a0000000, 0x00000000be800000, 0x00000000e0000000)
  object space 499712K, 73% used [0x00000000a0000000,0x00000000b6909c08,0x00000000be800000)
 Metaspace       used 82991K, capacity 86172K, committed 86272K, reserved 1124352K
  class space    used 10609K, capacity 11257K, committed 11264K, reserved 1048576K
GC Heap History (10 events):
Event: 70.248 GC heap after
Heap after GC invocations=47 (full 5):
 PSYoungGen      total 432128K, used 52940K [0x00000000e0000000, 0x00000000fff80000, 0x0000000100000000)
  eden space 351232K, 0% used [0x00000000e0000000,0x00000000e0000000,0x00000000f5700000)
  from space 80896K, 65% used [0x00000000fa780000,0x00000000fdb33090,0x00000000ff680000)
  to   space 82432K, 0% used [0x00000000f5700000,0x00000000f5700000,0x00000000fa780000)
 ParOldGen       total 499712K, used 240643K [0x00000000a0000000, 0x00000000be800000, 0x00000000e0000000)
  object space 499712K, 48% used [0x00000000a0000000,0x00000000aeb00f30,0x00000000be800000)
 Metaspace       used 82963K, capacity 86108K, committed 86272K, reserved 1124352K
  class space    used 10609K, capacity 11257K, committed 11264K, reserved 1048576K
}
Event: 70.642 GC heap before
{Heap before GC invocations=48 (full 5):
 PSYoungGen      total 432128K, used 404172K [0x00000000e0000000, 0x00000000fff80000, 0x0000000100000000)
  eden space 351232K, 100% used [0x00000000e0000000,0x00000000f5700000,0x00000000f5700000)
  from space 80896K, 65% used [0x00000000fa780000,0x00000000fdb33090,0x00000000ff680000)
  to   space 82432K, 0% used [0x00000000f5700000,0x00000000f5700000,0x00000000fa780000)
 ParOldGen       total 499712K, used 240643K [0x00000000a0000000, 0x00000000be800000, 0x00000000e0000000)
  object space 499712K, 48% used [0x00000000a0000000,0x00000000aeb00f30,0x00000000be800000)
 Metaspace       used 82976K, capacity 86108K, committed 86272K, reserved 1124352K
  class space    used 10609K, capacity 11257K, committed 11264K, reserved 1048576K
Event: 70.692 GC heap after
Heap after GC invocations=48 (full 5):
 PSYoungGen      total 433664K, used 57664K [0x00000000e0000000, 0x0000000100000000, 0x0000000100000000)
  eden space 351232K, 0% used [0x00000000e0000000,0x00000000e0000000,0x00000000f5700000)
  from space 82432K, 69% used [0x00000000f5700000,0x00000000f8f50378,0x00000000fa780000)
  to   space 85504K, 0% used [0x00000000fac80000,0x00000000fac80000,0x0000000100000000)
 ParOldGen       total 499712K, used 276109K [0x00000000a0000000, 0x00000000be800000, 0x00000000e0000000)
  object space 499712K, 55% used [0x00000000a0000000,0x00000000b0da3518,0x00000000be800000)
 Metaspace       used 82976K, capacity 86108K, committed 86272K, reserved 1124352K
  class space    used 10609K, capacity 11257K, committed 11264K, reserved 1048576K
}
Event: 72.428 GC heap before
{Heap before GC invocations=49 (full 5):
 PSYoungGen      total 433664K, used 408896K [0x00000000e0000000, 0x0000000100000000, 0x0000000100000000)
  eden space 351232K, 100% used [0x00000000e0000000,0x00000000f5700000,0x00000000f5700000)
  from space 82432K, 69% used [0x00000000f5700000,0x00000000f8f50378,0x00000000fa780000)
  to   space 85504K, 0% used [0x00000000fac80000,0x00000000fac80000,0x0000000100000000)
 ParOldGen       total 499712K, used 276109K [0x00000000a0000000, 0x00000000be800000, 0x00000000e0000000)
  object space 499712K, 55% used [0x00000000a0000000,0x00000000b0da3518,0x00000000be800000)
 Metaspace       used 82981K, capacity 86108K, committed 86272K, reserved 1124352K
  class space    used 10609K, capacity 11257K, committed 11264K, reserved 1048576K
Event: 72.493 GC heap after
Heap after GC invocations=49 (full 5):
 PSYoungGen      total 426496K, used 68707K [0x00000000e0000000, 0x0000000100000000, 0x0000000100000000)
  eden space 340992K, 0% used [0x00000000e0000000,0x00000000e0000000,0x00000000f4d00000)
  from space 85504K, 80% used [0x00000000fac80000,0x00000000fef98ee8,0x0000000100000000)
  to   space 91648K, 0% used [0x00000000f4d00000,0x00000000f4d00000,0x00000000fa680000)
 ParOldGen       total 499712K, used 326123K [0x00000000a0000000, 0x00000000be800000, 0x00000000e0000000)
  object space 499712K, 65% used [0x00000000a0000000,0x00000000b3e7aca0,0x00000000be800000)
 Metaspace       used 82981K, capacity 86108K, committed 86272K, reserved 1124352K
  class space    used 10609K, capacity 11257K, committed 11264K, reserved 1048576K
}
Event: 75.206 GC heap before
{Heap before GC invocations=50 (full 5):
 PSYoungGen      total 426496K, used 409699K [0x00000000e0000000, 0x0000000100000000, 0x0000000100000000)
  eden space 340992K, 100% used [0x00000000e0000000,0x00000000f4d00000,0x00000000f4d00000)
  from space 85504K, 80% used [0x00000000fac80000,0x00000000fef98ee8,0x0000000100000000)
  to   space 91648K, 0% used [0x00000000f4d00000,0x00000000f4d00000,0x00000000fa680000)
 ParOldGen       total 499712K, used 326123K [0x00000000a0000000, 0x00000000be800000, 0x00000000e0000000)
  object space 499712K, 65% used [0x00000000a0000000,0x00000000b3e7aca0,0x00000000be800000)
 Metaspace       used 82988K, capacity 86172K, committed 86272K, reserved 1124352K
  class space    used 10609K, capacity 11257K, committed 11264K, reserved 1048576K
Event: 75.289 GC heap after
Heap after GC invocations=50 (full 5):
 PSYoungGen      total 416768K, used 75572K [0x00000000e0000000, 0x0000000100000000, 0x0000000100000000)
  eden space 340992K, 0% used [0x00000000e0000000,0x00000000e0000000,0x00000000f4d00000)
  from space 75776K, 99% used [0x00000000f4d00000,0x00000000f96cd2e0,0x00000000f9700000)
  to   space 98816K, 0% used [0x00000000f9f80000,0x00000000f9f80000,0x0000000100000000)
 ParOldGen       total 499712K, used 385005K [0x00000000a0000000, 0x00000000be800000, 0x00000000e0000000)
  object space 499712K, 77% used [0x00000000a0000000,0x00000000b77fb430,0x00000000be800000)
 Metaspace       used 82988K, capacity 86172K, committed 86272K, reserved 1124352K
  class space    used 10609K, capacity 11257K, committed 11264K, reserved 1048576K
}
Event: 80.526 GC heap before
{Heap before GC invocations=51 (full 5):
 PSYoungGen      total 416768K, used 416564K [0x00000000e0000000, 0x0000000100000000, 0x0000000100000000)
  eden space 340992K, 100% used [0x00000000e0000000,0x00000000f4d00000,0x00000000f4d00000)
  from space 75776K, 99% used [0x00000000f4d00000,0x00000000f96cd2e0,0x00000000f9700000)
  to   space 98816K, 0% used [0x00000000f9f80000,0x00000000f9f80000,0x0000000100000000)
 ParOldGen       total 499712K, used 385005K [0x00000000a0000000, 0x00000000be800000, 0x00000000e0000000)
  object space 499712K, 77% used [0x00000000a0000000,0x00000000b77fb430,0x00000000be800000)
 Metaspace       used 82991K, capacity 86172K, committed 86272K, reserved 1124352K
  class space    used 10609K, capacity 11257K, committed 11264K, reserved 1048576K
Event: 80.603 GC heap after
Heap after GC invocations=51 (full 5):
 PSYoungGen      total 411136K, used 80007K [0x00000000e0000000, 0x0000000100000000, 0x0000000100000000)
  eden space 312320K, 0% used [0x00000000e0000000,0x00000000e0000000,0x00000000f3100000)
  from space 98816K, 80% used [0x00000000f9f80000,0x00000000feda1ef0,0x0000000100000000)
  to   space 105984K, 0% used [0x00000000f3100000,0x00000000f3100000,0x00000000f9880000)
 ParOldGen       total 499712K, used 452823K [0x00000000a0000000, 0x00000000be800000, 0x00000000e0000000)
  object space 499712K, 90% used [0x00000000a0000000,0x00000000bba35cc8,0x00000000be800000)
 Metaspace       used 82991K, capacity 86172K, committed 86272K, reserved 1124352K
  class space    used 10609K, capacity 11257K, committed 11264K, reserved 1048576K
}
Event: 80.804 GC heap before
{Heap before GC invocations=52 (full 6):
 PSYoungGen      total 411136K, used 80007K [0x00000000e0000000, 0x0000000100000000, 0x0000000100000000)
  eden space 312320K, 0% used [0x00000000e0000000,0x00000000e0000000,0x00000000f3100000)
  from space 98816K, 80% used [0x00000000f9f80000,0x00000000feda1ef0,0x0000000100000000)
  to   space 105984K, 0% used [0x00000000f3100000,0x00000000f3100000,0x00000000f9880000)
 ParOldGen       total 499712K, used 452823K [0x00000000a0000000, 0x00000000be800000, 0x00000000e0000000)
  object space 499712K, 90% used [0x00000000a0000000,0x00000000bba35cc8,0x00000000be800000)
 Metaspace       used 82991K, capacity 86172K, committed 86272K, reserved 1124352K
  class space    used 10609K, capacity 11257K, committed 11264K, reserved 1048576K

